d:\projects\apps\illumi\illumiengine\intermediate\win32\release\vc141.pdb
d:\projects\apps\illumi\illumiengine\intermediate\win32\release\illumiengine.obj
d:\projects\apps\illumi\illumiengine\intermediate\win32\release\devs.obj
d:\projects\apps\illumi\illumiengine\intermediate\win32\release\auraapi.obj
d:\projects\apps\illumi\illumiengine\intermediate\win32\release\apis.obj
d:\projects\apps\illumi\illumiengine\intermediate\win32\release\alienfxapi.obj
d:\projects\apps\illumi\illumiengine\intermediate\win32\release\illumiengine.pch
d:\projects\apps\illumi\illumiengine\intermediate\win32\release\pch.obj
d:\projects\apps\illumi\illumiengine\intermediate\win32\release\api.obj
d:\projects\apps\illumi\illumiengine\intermediate\win32\release\appsettings.obj
d:\projects\apps\illumi\illumiengine\intermediate\win32\release\colors.obj
d:\projects\apps\illumi\illumiengine\bin\win32\release\illumiengine.ipdb
d:\projects\apps\illumi\illumiengine\bin\win32\release\illumiengine.iobj
d:\projects\apps\illumi\illumiengine\bin\win32\release\illumiengine.exe
d:\projects\apps\illumi\illumiengine\bin\win32\release\illumiengine.pdb
d:\projects\apps\prismproject\merging\illumi\illumiengine\intermediate\win32\release\alienfxapi.obj
d:\projects\apps\prismproject\merging\illumi\illumiengine\intermediate\win32\release\api.obj
d:\projects\apps\prismproject\merging\illumi\illumiengine\intermediate\win32\release\apis.obj
d:\projects\apps\prismproject\merging\illumi\illumiengine\intermediate\win32\release\appsettings.obj
d:\projects\apps\prismproject\merging\illumi\illumiengine\intermediate\win32\release\auraapi.obj
d:\projects\apps\prismproject\merging\illumi\illumiengine\intermediate\win32\release\colors.obj
d:\projects\apps\prismproject\merging\illumi\illumiengine\intermediate\win32\release\devs.obj
d:\projects\apps\prismproject\merging\illumi\illumiengine\intermediate\win32\release\illumiengine.obj
d:\projects\apps\prismproject\merging\illumi\illumiengine\intermediate\win32\release\pch.obj
d:\projects\apps\prismproject\merging\illumi\illumiengine\intermediate\win32\release\illumiengine.pch
d:\projects\apps\prismproject\merging\illumi\illumiengine\intermediate\win32\release\vc141.pdb
d:\projects\apps\prismproject\merging\illumi\illumiengine\bin\win32\release\illumiengine.pdb
d:\projects\apps\prismproject\merging\illumi\illumiengine\bin\win32\release\illumiengine.exe
d:\projects\apps\prismproject\merging\illumi\illumiengine\intermediate\win32\release\illumiengine.tlog\cl.command.1.tlog
d:\projects\apps\prismproject\merging\illumi\illumiengine\intermediate\win32\release\illumiengine.tlog\cl.read.1.tlog
d:\projects\apps\prismproject\merging\illumi\illumiengine\intermediate\win32\release\illumiengine.tlog\cl.write.1.tlog
d:\projects\apps\prismproject\merging\illumi\illumiengine\intermediate\win32\release\illumiengine.tlog\illumiengine.write.1u.tlog
d:\projects\apps\prismproject\merging\illumi\illumiengine\intermediate\win32\release\illumiengine.tlog\link.command.1.tlog
d:\projects\apps\prismproject\merging\illumi\illumiengine\intermediate\win32\release\illumiengine.tlog\link.read.1.tlog
d:\projects\apps\prismproject\merging\illumi\illumiengine\intermediate\win32\release\illumiengine.tlog\link.write.1.tlog
