d:\projects\apps\illumi\illumiengine\intermediate\win32\debug\vc141.pdb
d:\projects\apps\illumi\illumiengine\intermediate\win32\debug\vc141.idb
d:\projects\apps\illumi\illumiengine\intermediate\win32\debug\illumiengine.obj
d:\projects\apps\illumi\illumiengine\intermediate\win32\debug\devs.obj
d:\projects\apps\illumi\illumiengine\intermediate\win32\debug\auraapi.obj
d:\projects\apps\illumi\illumiengine\intermediate\win32\debug\aura.obj
d:\projects\apps\illumi\illumiengine\intermediate\win32\debug\alienfx.obj
d:\projects\apps\illumi\illumiengine\intermediate\win32\debug\apis.obj
d:\projects\apps\illumi\illumiengine\intermediate\win32\debug\alienfxapi.obj
d:\projects\apps\illumi\illumiengine\intermediate\win32\debug\illumiengine.pch
d:\projects\apps\illumi\illumiengine\intermediate\win32\debug\pch.obj
d:\projects\apps\illumi\illumiengine\bin\win32\debug\illumiengine.exe
d:\projects\apps\illumi\illumiengine\bin\win32\debug\illumiengine.ilk
d:\projects\apps\illumi\illumiengine\bin\win32\debug\illumiengine.pdb
d:\projects\apps\illumi\illumiengine\intermediate\win32\debug\illumiengine.tlog\cl.command.1.tlog
d:\projects\apps\illumi\illumiengine\intermediate\win32\debug\illumiengine.tlog\cl.read.1.tlog
d:\projects\apps\illumi\illumiengine\intermediate\win32\debug\illumiengine.tlog\cl.write.1.tlog
d:\projects\apps\illumi\illumiengine\intermediate\win32\debug\illumiengine.tlog\link.command.1.tlog
d:\projects\apps\illumi\illumiengine\intermediate\win32\debug\illumiengine.tlog\link.read.1.tlog
d:\projects\apps\illumi\illumiengine\intermediate\win32\debug\illumiengine.tlog\link.write.1.tlog
